<?xml version="1.0" encoding="UTF-8"?>
<!-- Generated by org.testng.reporters.JUnitReportReporter -->
<testsuite skipped="0" hostname="GISAHOO-IN" name="com.guru99.banking.Guru99_Bank_Main" tests="4" failures="0" timestamp="06 Aug 2017 18:29:20 GMT" time="63.148" errors="0">
  <testcase name="Run" time="12.753" classname="com.guru99.banking.Guru99_Bank_Main"/>
  <testcase name="Run" time="14.302" classname="com.guru99.banking.Guru99_Bank_Main"/>
  <testcase name="Run" time="14.820" classname="com.guru99.banking.Guru99_Bank_Main"/>
  <testcase name="Run" time="21.273" classname="com.guru99.banking.Guru99_Bank_Main"/>
</testsuite> <!-- com.guru99.banking.Guru99_Bank_Main -->
